Determining if the pthread_create exist failed with the following output:
Change Dir: /home/stars/trevor/catkin_workspaces/bstars_aer1514/turtlebot_ws/build/CMakeFiles/CMakeTmp

Run Build Command:"/usr/bin/make" "cmTryCompileExec1309962661/fast"
/usr/bin/make -f CMakeFiles/cmTryCompileExec1309962661.dir/build.make CMakeFiles/cmTryCompileExec1309962661.dir/build
make[1]: Entering directory `/home/stars/trevor/catkin_workspaces/bstars_aer1514/turtlebot_ws/build/CMakeFiles/CMakeTmp'
/usr/bin/cmake -E cmake_progress_report /home/stars/trevor/catkin_workspaces/bstars_aer1514/turtlebot_ws/build/CMakeFiles/CMakeTmp/CMakeFiles 1
Building C object CMakeFiles/cmTryCompileExec1309962661.dir/CheckSymbolExists.c.o
/usr/lib/ccache/cc    -o CMakeFiles/cmTryCompileExec1309962661.dir/CheckSymbolExists.c.o   -c /home/stars/trevor/catkin_workspaces/bstars_aer1514/turtlebot_ws/build/CMakeFiles/CMakeTmp/CheckSymbolExists.c
Linking C executable cmTryCompileExec1309962661
/usr/bin/cmake -E cmake_link_script CMakeFiles/cmTryCompileExec1309962661.dir/link.txt --verbose=1
/usr/lib/ccache/cc       CMakeFiles/cmTryCompileExec1309962661.dir/CheckSymbolExists.c.o  -o cmTryCompileExec1309962661 -rdynamic 
CMakeFiles/cmTryCompileExec1309962661.dir/CheckSymbolExists.c.o: In function `main':
CheckSymbolExists.c:(.text+0x16): undefined reference to `pthread_create'
collect2: error: ld returned 1 exit status
make[1]: *** [cmTryCompileExec1309962661] Error 1
make[1]: Leaving directory `/home/stars/trevor/catkin_workspaces/bstars_aer1514/turtlebot_ws/build/CMakeFiles/CMakeTmp'
make: *** [cmTryCompileExec1309962661/fast] Error 2

File /home/stars/trevor/catkin_workspaces/bstars_aer1514/turtlebot_ws/build/CMakeFiles/CMakeTmp/CheckSymbolExists.c:
/* */
#include <pthread.h>

int main(int argc, char** argv)
{
  (void)argv;
#ifndef pthread_create
  return ((int*)(&pthread_create))[argc];
#else
  (void)argc;
  return 0;
#endif
}

Determining if the function pthread_create exists in the pthreads failed with the following output:
Change Dir: /home/stars/trevor/catkin_workspaces/bstars_aer1514/turtlebot_ws/build/CMakeFiles/CMakeTmp

Run Build Command:"/usr/bin/make" "cmTryCompileExec274753647/fast"
/usr/bin/make -f CMakeFiles/cmTryCompileExec274753647.dir/build.make CMakeFiles/cmTryCompileExec274753647.dir/build
make[1]: Entering directory `/home/stars/trevor/catkin_workspaces/bstars_aer1514/turtlebot_ws/build/CMakeFiles/CMakeTmp'
/usr/bin/cmake -E cmake_progress_report /home/stars/trevor/catkin_workspaces/bstars_aer1514/turtlebot_ws/build/CMakeFiles/CMakeTmp/CMakeFiles 1
Building C object CMakeFiles/cmTryCompileExec274753647.dir/CheckFunctionExists.c.o
/usr/lib/ccache/cc   -DCHECK_FUNCTION_EXISTS=pthread_create   -o CMakeFiles/cmTryCompileExec274753647.dir/CheckFunctionExists.c.o   -c /usr/share/cmake-3.0/Modules/CheckFunctionExists.c
Linking C executable cmTryCompileExec274753647
/usr/bin/cmake -E cmake_link_script CMakeFiles/cmTryCompileExec274753647.dir/link.txt --verbose=1
/usr/lib/ccache/cc   -DCHECK_FUNCTION_EXISTS=pthread_create    CMakeFiles/cmTryCompileExec274753647.dir/CheckFunctionExists.c.o  -o cmTryCompileExec274753647 -rdynamic -lpthreads 
/usr/bin/ld: cannot find -lpthreads
collect2: error: ld returned 1 exit status
make[1]: *** [cmTryCompileExec274753647] Error 1
make[1]: Leaving directory `/home/stars/trevor/catkin_workspaces/bstars_aer1514/turtlebot_ws/build/CMakeFiles/CMakeTmp'
make: *** [cmTryCompileExec274753647/fast] Error 2


